Node.js version v25.2.1 detected.
Odd numbered Node.js versions will not enter LTS status and should not be used for production. For more information, please see https://nodejs.org/en/about/previous-releases/.
Building Angular Package

------------------------------------------------------------------------------
Building entry point 'ng-magary'
------------------------------------------------------------------------------
- Compiling with Angular sources in full compilation mode.
[31m✖[39m Compiling with Angular sources in full compilation mode.
[1m[31m[96mprojects/ng-magary/src/lib/Menu/panelmenu/panelmenu.html[0m:[93m145[0m:[93m38[0m - [91merror[0m[90m TS2322: [0mType 'string | undefined' is not assignable to type 'string'.
  Type 'undefined' is not assignable to type 'string'.

[7m145[0m                                 item.label,
[7m   [0m [91m                                     ~~~~~[0m

  [96mprojects/ng-magary/src/lib/Menu/panelmenu/panelmenu.ts[0m:[93m26[0m:[93m16[0m
    [7m26[0m   templateUrl: './panelmenu.html',
    [7m  [0m [96m               ~~~~~~~~~~~~~~~~~~[0m
    Error occurs in the template of component MagaryPanelmenu.
[96mprojects/ng-magary/src/lib/Menu/panelmenu/panelmenu.html[0m:[93m146[0m:[93m41[0m - [91merror[0m[90m TS2322: [0mType 'string | undefined' is not assignable to type 'string'.
  Type 'undefined' is not assignable to type 'string'.

[7m146[0m                                 subItem.label,
[7m   [0m [91m                                        ~~~~~[0m

  [96mprojects/ng-magary/src/lib/Menu/panelmenu/panelmenu.ts[0m:[93m26[0m:[93m16[0m
    [7m26[0m   templateUrl: './panelmenu.html',
    [7m  [0m [96m               ~~~~~~~~~~~~~~~~~~[0m
    Error occurs in the template of component MagaryPanelmenu.
[96mprojects/ng-magary/src/lib/Menu/panelmenu/panelmenu.html[0m:[93m184[0m:[93m40[0m - [91merror[0m[90m TS2322: [0mType 'string | undefined' is not assignable to type 'string'.
  Type 'undefined' is not assignable to type 'string'.

[7m184[0m                                   item.label,
[7m   [0m [91m                                       ~~~~~[0m

  [96mprojects/ng-magary/src/lib/Menu/panelmenu/panelmenu.ts[0m:[93m26[0m:[93m16[0m
    [7m26[0m   templateUrl: './panelmenu.html',
    [7m  [0m [96m               ~~~~~~~~~~~~~~~~~~[0m
    Error occurs in the template of component MagaryPanelmenu.
[96mprojects/ng-magary/src/lib/Menu/panelmenu/panelmenu.html[0m:[93m185[0m:[93m43[0m - [91merror[0m[90m TS2322: [0mType 'string | undefined' is not assignable to type 'string'.
  Type 'undefined' is not assignable to type 'string'.

[7m185[0m                                   subItem.label,
[7m   [0m [91m                                          ~~~~~[0m

  [96mprojects/ng-magary/src/lib/Menu/panelmenu/panelmenu.ts[0m:[93m26[0m:[93m16[0m
    [7m26[0m   templateUrl: './panelmenu.html',
    [7m  [0m [96m               ~~~~~~~~~~~~~~~~~~[0m
    Error occurs in the template of component MagaryPanelmenu.
[96mprojects/ng-magary/src/lib/Menu/panelmenu/panelmenu.html[0m:[93m223[0m:[93m62[0m - [91merror[0m[90m TS2322: [0mType 'string | undefined' is not assignable to type 'string'.
  Type 'undefined' is not assignable to type 'string'.

[7m223[0m                       (click)="onItemClick(subItem, 1, [item.label])"
[7m   [0m [91m                                                             ~~~~~[0m

  [96mprojects/ng-magary/src/lib/Menu/panelmenu/panelmenu.ts[0m:[93m26[0m:[93m16[0m
    [7m26[0m   templateUrl: './panelmenu.html',
    [7m  [0m [96m               ~~~~~~~~~~~~~~~~~~[0m
    Error occurs in the template of component MagaryPanelmenu.
[96mprojects/ng-magary/src/lib/Menu/panelmenu/panelmenu.html[0m:[93m255[0m:[93m57[0m - [91merror[0m[90m TS2322: [0mType 'string | undefined' is not assignable to type 'string'.
  Type 'undefined' is not assignable to type 'string'.

[7m255[0m                           onItemClick(subItem, 1, [item.label])
[7m   [0m [91m                                                        ~~~~~[0m

  [96mprojects/ng-magary/src/lib/Menu/panelmenu/panelmenu.ts[0m:[93m26[0m:[93m16[0m
    [7m26[0m   templateUrl: './panelmenu.html',
    [7m  [0m [96m               ~~~~~~~~~~~~~~~~~~[0m
    Error occurs in the template of component MagaryPanelmenu.
[96mprojects/ng-magary/src/lib/Button/split-button/split-button.ts[0m:[93m13[0m:[93m10[0m - [91merror[0m[90m TS2459: [0mModule '"../../Menu/panelmenu/panelmenu"' declares 'MenuItem' locally, but it is not exported.

[7m13[0m import { MenuItem } from '../../Menu/panelmenu/panelmenu'; // Use MenuItem or specific interface? MenuItem is common.
[7m  [0m [91m         ~~~~~~~~[0m

  [96mprojects/ng-magary/src/lib/Menu/panelmenu/panelmenu.ts[0m:[93m12[0m:[93m10[0m
    [7m12[0m import { MenuItem } from '../api/menu.interface';
    [7m  [0m [96m         ~~~~~~~~[0m
    'MenuItem' is declared here.
[39m[22m
